{"level":"info","message":"Morgan is running...","timestamp":"2020-08-17T10:25:23.856Z"}
{"level":"info","message":"Node Server is Running on PORT: 4200...","timestamp":"2020-08-17T10:25:23.872Z"}
{"level":"info","message":"Connected to MongoDB...","timestamp":"2020-08-17T10:25:23.999Z"}
{"level":"info","message":"Morgan is running...","timestamp":"2020-08-17T10:28:11.703Z"}
{"level":"info","message":"Node Server is Running on PORT: 4200...","timestamp":"2020-08-17T10:28:11.713Z"}
{"level":"info","message":"Connected to MongoDB...","timestamp":"2020-08-17T10:28:11.803Z"}
{"level":"info","message":"Morgan is running...","timestamp":"2020-08-17T10:34:25.323Z"}
{"level":"info","message":"Node Server is Running on PORT: 4200...","timestamp":"2020-08-17T10:34:25.333Z"}
{"level":"info","message":"Morgan is running...","timestamp":"2020-08-17T10:37:22.857Z"}
{"level":"info","message":"Node Server is Running on PORT: 4200...","timestamp":"2020-08-17T10:37:22.874Z"}
{"message":"Something Failed ","stack":"Error: Something Failed \n    at Object.<anonymous> (C:\\Users\\YASH'\\Desktop\\Vidly\\app.js:17:26)\n    at Module._compile (internal/modules/cjs/loader.js:959:30)\n    at Object.Module._extensions..js (internal/modules/cjs/loader.js:995:10)\n    at Module.load (internal/modules/cjs/loader.js:815:32)\n    at Function.Module._load (internal/modules/cjs/loader.js:727:14)\n    at Function.Module.runMain (internal/modules/cjs/loader.js:1047:10)\n    at internal/main/run_main_module.js:17:11","level":"error","timestamp":"2020-08-17T10:37:22.876Z"}
{"message":"Something Failed ","stack":"Error: Something Failed \n    at Object.<anonymous> (C:\\Users\\YASH'\\Desktop\\Vidly\\app.js:17:26)\n    at Module._compile (internal/modules/cjs/loader.js:959:30)\n    at Object.Module._extensions..js (internal/modules/cjs/loader.js:995:10)\n    at Module.load (internal/modules/cjs/loader.js:815:32)\n    at Function.Module._load (internal/modules/cjs/loader.js:727:14)\n    at Function.Module.runMain (internal/modules/cjs/loader.js:1047:10)\n    at internal/main/run_main_module.js:17:11","level":"error","timestamp":"2020-08-17T10:37:22.878Z"}
{"level":"info","message":"Morgan is running...","timestamp":"2020-08-17T10:41:05.495Z"}
{"level":"info","message":"Node Server is Running on PORT: 4200...","timestamp":"2020-08-17T10:41:05.509Z"}
{"level":"info","message":"Connected to MongoDB...","timestamp":"2020-08-17T10:41:05.588Z"}
{"message":"yash","stack":"Error: yash\n    at C:\\Users\\YASH'\\Desktop\\Vidly\\routes\\genres_API.js:12:11\n    at newFn (C:\\Users\\YASH'\\Desktop\\Vidly\\node_modules\\express-async-errors\\index.js:16:20)\n    at Layer.handle [as handle_request] (C:\\Users\\YASH'\\Desktop\\Vidly\\node_modules\\express\\lib\\router\\layer.js:95:5)\n    at next (C:\\Users\\YASH'\\Desktop\\Vidly\\node_modules\\express\\lib\\router\\route.js:137:13)\n    at Route.dispatch (C:\\Users\\YASH'\\Desktop\\Vidly\\node_modules\\express\\lib\\router\\route.js:112:3)\n    at newFn (C:\\Users\\YASH'\\Desktop\\Vidly\\node_modules\\express-async-errors\\index.js:16:20)\n    at Layer.handle [as handle_request] (C:\\Users\\YASH'\\Desktop\\Vidly\\node_modules\\express\\lib\\router\\layer.js:95:5)\n    at C:\\Users\\YASH'\\Desktop\\Vidly\\node_modules\\express\\lib\\router\\index.js:281:22\n    at Function.process_params (C:\\Users\\YASH'\\Desktop\\Vidly\\node_modules\\express\\lib\\router\\index.js:335:12)\n    at next (C:\\Users\\YASH'\\Desktop\\Vidly\\node_modules\\express\\lib\\router\\index.js:275:10)\n    at Function.handle (C:\\Users\\YASH'\\Desktop\\Vidly\\node_modules\\express\\lib\\router\\index.js:174:3)\n    at router (C:\\Users\\YASH'\\Desktop\\Vidly\\node_modules\\express\\lib\\router\\index.js:47:12)\n    at newFn (C:\\Users\\YASH'\\Desktop\\Vidly\\node_modules\\express-async-errors\\index.js:16:20)\n    at Layer.handle [as handle_request] (C:\\Users\\YASH'\\Desktop\\Vidly\\node_modules\\express\\lib\\router\\layer.js:95:5)\n    at trim_prefix (C:\\Users\\YASH'\\Desktop\\Vidly\\node_modules\\express\\lib\\router\\index.js:317:13)\n    at C:\\Users\\YASH'\\Desktop\\Vidly\\node_modules\\express\\lib\\router\\index.js:284:7\n    at Function.process_params (C:\\Users\\YASH'\\Desktop\\Vidly\\node_modules\\express\\lib\\router\\index.js:335:12)\n    at next (C:\\Users\\YASH'\\Desktop\\Vidly\\node_modules\\express\\lib\\router\\index.js:275:10)\n    at C:\\Users\\YASH'\\Desktop\\Vidly\\node_modules\\body-parser\\lib\\read.js:130:5\n    at invokeCallback (C:\\Users\\YASH'\\Desktop\\Vidly\\node_modules\\raw-body\\index.js:224:16)\n    at done (C:\\Users\\YASH'\\Desktop\\Vidly\\node_modules\\raw-body\\index.js:213:7)\n    at IncomingMessage.onEnd (C:\\Users\\YASH'\\Desktop\\Vidly\\node_modules\\raw-body\\index.js:273:7)","level":"error","timestamp":"2020-08-17T10:41:12.855Z"}
{"level":"info","message":"Morgan is running...","timestamp":"2020-08-18T09:10:51.409Z"}
{"level":"info","message":"Node Server is Running on PORT: 4200...","timestamp":"2020-08-18T09:10:51.540Z"}
{"level":"info","message":"Connected to MongoDB...","timestamp":"2020-08-18T09:10:51.597Z"}
{"level":"info","message":"Morgan is running...","timestamp":"2020-08-18T09:11:04.926Z"}
{"level":"info","message":"Node Server is Running on PORT: 4200...","timestamp":"2020-08-18T09:11:04.939Z"}
{"level":"info","message":"Connected to MongoDB...","timestamp":"2020-08-18T09:11:05.029Z"}
{"level":"info","message":"Morgan is running...","timestamp":"2020-08-18T09:11:06.705Z"}
{"level":"info","message":"Node Server is Running on PORT: 4200...","timestamp":"2020-08-18T09:11:06.723Z"}
{"level":"info","message":"Connected to MongoDB...","timestamp":"2020-08-18T09:11:06.804Z"}
{"level":"info","message":"Morgan is running...","timestamp":"2020-08-18T09:11:09.604Z"}
{"level":"info","message":"Node Server is Running on PORT: 4200...","timestamp":"2020-08-18T09:11:09.615Z"}
{"level":"info","message":"Connected to MongoDB...","timestamp":"2020-08-18T09:11:09.684Z"}
{"level":"info","message":"Morgan is running...","timestamp":"2020-08-18T09:11:12.847Z"}
{"message":"w is not defined","stack":"ReferenceError: w is not defined\n    at module.exports (C:\\Users\\YASH'\\Desktop\\Vidly\\startup\\routes.js:20:5)\n    at Object.<anonymous> (C:\\Users\\YASH'\\Desktop\\Vidly\\app.js:15:28)\n    at Module._compile (internal/modules/cjs/loader.js:959:30)\n    at Object.Module._extensions..js (internal/modules/cjs/loader.js:995:10)\n    at Module.load (internal/modules/cjs/loader.js:815:32)\n    at Function.Module._load (internal/modules/cjs/loader.js:727:14)\n    at Function.Module.runMain (internal/modules/cjs/loader.js:1047:10)\n    at internal/main/run_main_module.js:17:11","level":"error","timestamp":"2020-08-18T09:11:12.853Z"}
{"level":"info","message":"Morgan is running...","timestamp":"2020-08-18T09:11:15.377Z"}
{"message":"winston.loggers is not a function","stack":"TypeError: winston.loggers is not a function\n    at module.exports (C:\\Users\\YASH'\\Desktop\\Vidly\\startup\\routes.js:20:13)\n    at Object.<anonymous> (C:\\Users\\YASH'\\Desktop\\Vidly\\app.js:15:28)\n    at Module._compile (internal/modules/cjs/loader.js:959:30)\n    at Object.Module._extensions..js (internal/modules/cjs/loader.js:995:10)\n    at Module.load (internal/modules/cjs/loader.js:815:32)\n    at Function.Module._load (internal/modules/cjs/loader.js:727:14)\n    at Function.Module.runMain (internal/modules/cjs/loader.js:1047:10)\n    at internal/main/run_main_module.js:17:11","level":"error","timestamp":"2020-08-18T09:11:15.382Z"}
{"level":"info","message":"Morgan is running...","timestamp":"2020-08-18T09:11:20.263Z"}
{"level":"info","message":"Node Server is Running on PORT: 4200...","timestamp":"2020-08-18T09:11:20.275Z"}
{"level":"info","message":"Connected to MongoDB...","timestamp":"2020-08-18T09:11:20.347Z"}
{"level":"info","message":"Morgan is running...","timestamp":"2020-08-18T09:11:23.104Z"}
{"level":"info","message":"Node Server is Running on PORT: 4200...","timestamp":"2020-08-18T09:11:23.122Z"}
{"level":"info","message":"Connected to MongoDB...","timestamp":"2020-08-18T09:11:23.182Z"}
{"level":"info","message":"Morgan is running...","timestamp":"2020-08-18T09:11:26.590Z"}
{"level":"info","message":"Node Server is Running on PORT: 4200...","timestamp":"2020-08-18T09:11:26.604Z"}
{"level":"info","message":"Connected to MongoDB...","timestamp":"2020-08-18T09:11:26.680Z"}
{"message":"yash","stack":"Error: yash\n    at C:\\Users\\YASH'\\Desktop\\Vidly\\routes\\genres_API.js:12:11\n    at newFn (C:\\Users\\YASH'\\Desktop\\Vidly\\node_modules\\express-async-errors\\index.js:16:20)\n    at Layer.handle [as handle_request] (C:\\Users\\YASH'\\Desktop\\Vidly\\node_modules\\express\\lib\\router\\layer.js:95:5)\n    at next (C:\\Users\\YASH'\\Desktop\\Vidly\\node_modules\\express\\lib\\router\\route.js:137:13)\n    at Route.dispatch (C:\\Users\\YASH'\\Desktop\\Vidly\\node_modules\\express\\lib\\router\\route.js:112:3)\n    at newFn (C:\\Users\\YASH'\\Desktop\\Vidly\\node_modules\\express-async-errors\\index.js:16:20)\n    at Layer.handle [as handle_request] (C:\\Users\\YASH'\\Desktop\\Vidly\\node_modules\\express\\lib\\router\\layer.js:95:5)\n    at C:\\Users\\YASH'\\Desktop\\Vidly\\node_modules\\express\\lib\\router\\index.js:281:22\n    at Function.process_params (C:\\Users\\YASH'\\Desktop\\Vidly\\node_modules\\express\\lib\\router\\index.js:335:12)\n    at next (C:\\Users\\YASH'\\Desktop\\Vidly\\node_modules\\express\\lib\\router\\index.js:275:10)\n    at Function.handle (C:\\Users\\YASH'\\Desktop\\Vidly\\node_modules\\express\\lib\\router\\index.js:174:3)\n    at router (C:\\Users\\YASH'\\Desktop\\Vidly\\node_modules\\express\\lib\\router\\index.js:47:12)\n    at newFn (C:\\Users\\YASH'\\Desktop\\Vidly\\node_modules\\express-async-errors\\index.js:16:20)\n    at Layer.handle [as handle_request] (C:\\Users\\YASH'\\Desktop\\Vidly\\node_modules\\express\\lib\\router\\layer.js:95:5)\n    at trim_prefix (C:\\Users\\YASH'\\Desktop\\Vidly\\node_modules\\express\\lib\\router\\index.js:317:13)\n    at C:\\Users\\YASH'\\Desktop\\Vidly\\node_modules\\express\\lib\\router\\index.js:284:7\n    at Function.process_params (C:\\Users\\YASH'\\Desktop\\Vidly\\node_modules\\express\\lib\\router\\index.js:335:12)\n    at next (C:\\Users\\YASH'\\Desktop\\Vidly\\node_modules\\express\\lib\\router\\index.js:275:10)\n    at jsonParser (C:\\Users\\YASH'\\Desktop\\Vidly\\node_modules\\body-parser\\lib\\types\\json.js:110:7)\n    at newFn (C:\\Users\\YASH'\\Desktop\\Vidly\\node_modules\\express-async-errors\\index.js:16:20)\n    at Layer.handle [as handle_request] (C:\\Users\\YASH'\\Desktop\\Vidly\\node_modules\\express\\lib\\router\\layer.js:95:5)\n    at trim_prefix (C:\\Users\\YASH'\\Desktop\\Vidly\\node_modules\\express\\lib\\router\\index.js:317:13)","level":"error","timestamp":"2020-08-18T09:11:35.868Z"}
{"level":"info","message":"Morgan is running...","timestamp":"2020-08-18T09:11:51.328Z"}
{"level":"info","message":"Node Server is Running on PORT: 4200...","timestamp":"2020-08-18T09:11:51.347Z"}
{"level":"info","message":"Connected to MongoDB...","timestamp":"2020-08-18T09:11:51.429Z"}
{"level":"info","message":"Morgan is running...","timestamp":"2020-08-18T09:20:45.050Z"}
{"level":"info","message":"Node Server is Running on PORT: 4200...","timestamp":"2020-08-18T09:20:45.065Z"}
{"level":"info","message":"Connected to MongoDB...","timestamp":"2020-08-18T09:20:45.133Z"}
{"message":"Cannot read property 'handleExceptions' of undefined","stack":"TypeError: Cannot read property 'handleExceptions' of undefined\n    at module.exports (C:\\Users\\YASH'\\Desktop\\Vidly\\startup\\logging.js:23:9)\n    at Object.<anonymous> (C:\\Users\\YASH'\\Desktop\\Vidly\\app.js:8:29)\n    at Module._compile (internal/modules/cjs/loader.js:959:30)\n    at Object.Module._extensions..js (internal/modules/cjs/loader.js:995:10)\n    at Module.load (internal/modules/cjs/loader.js:815:32)\n    at Function.Module._load (internal/modules/cjs/loader.js:727:14)\n    at Function.Module.runMain (internal/modules/cjs/loader.js:1047:10)\n    at internal/main/run_main_module.js:17:11","level":"error","timestamp":"2020-08-18T09:28:31.352Z"}
{"level":"info","message":"Morgan is running...","timestamp":"2020-08-18T09:28:33.900Z"}
{"level":"info","message":"Node Server is Running on PORT: 4200...","timestamp":"2020-08-18T09:28:33.920Z"}
{"level":"info","message":"Connected to MongoDB...","timestamp":"2020-08-18T09:28:33.990Z"}
{"message":"transport is not a constructor","stack":"TypeError: transport is not a constructor\n    at exports.Logger.Logger.add (C:\\Users\\YASH'\\Desktop\\Vidly\\node_modules\\winston\\lib\\winston\\logger.js:481:41)\n    at Object.winston.<computed> [as add] (C:\\Users\\YASH'\\Desktop\\Vidly\\node_modules\\winston\\lib\\winston.js:86:34)\n    at module.exports (C:\\Users\\YASH'\\Desktop\\Vidly\\startup\\logging.js:22:9)\n    at Object.<anonymous> (C:\\Users\\YASH'\\Desktop\\Vidly\\app.js:8:29)\n    at Module._compile (internal/modules/cjs/loader.js:959:30)\n    at Object.Module._extensions..js (internal/modules/cjs/loader.js:995:10)\n    at Module.load (internal/modules/cjs/loader.js:815:32)\n    at Function.Module._load (internal/modules/cjs/loader.js:727:14)\n    at Function.Module.runMain (internal/modules/cjs/loader.js:1047:10)\n    at internal/main/run_main_module.js:17:11","level":"error","timestamp":"2020-08-18T09:28:36.379Z"}
{"message":"transport is not a constructor","stack":"TypeError: transport is not a constructor\n    at exports.Logger.Logger.add (C:\\Users\\YASH'\\Desktop\\Vidly\\node_modules\\winston\\lib\\winston\\logger.js:481:41)\n    at Object.winston.<computed> [as add] (C:\\Users\\YASH'\\Desktop\\Vidly\\node_modules\\winston\\lib\\winston.js:86:34)\n    at module.exports (C:\\Users\\YASH'\\Desktop\\Vidly\\startup\\logging.js:22:9)\n    at Object.<anonymous> (C:\\Users\\YASH'\\Desktop\\Vidly\\app.js:8:29)\n    at Module._compile (internal/modules/cjs/loader.js:959:30)\n    at Object.Module._extensions..js (internal/modules/cjs/loader.js:995:10)\n    at Module.load (internal/modules/cjs/loader.js:815:32)\n    at Function.Module._load (internal/modules/cjs/loader.js:727:14)\n    at Function.Module.runMain (internal/modules/cjs/loader.js:1047:10)\n    at internal/main/run_main_module.js:17:11","level":"error","timestamp":"2020-08-18T09:28:39.182Z"}
{"message":"winston.transports is not a function","stack":"TypeError: winston.transports is not a function\n    at module.exports (C:\\Users\\YASH'\\Desktop\\Vidly\\startup\\logging.js:22:22)\n    at Object.<anonymous> (C:\\Users\\YASH'\\Desktop\\Vidly\\app.js:8:29)\n    at Module._compile (internal/modules/cjs/loader.js:959:30)\n    at Object.Module._extensions..js (internal/modules/cjs/loader.js:995:10)\n    at Module.load (internal/modules/cjs/loader.js:815:32)\n    at Function.Module._load (internal/modules/cjs/loader.js:727:14)\n    at Function.Module.runMain (internal/modules/cjs/loader.js:1047:10)\n    at internal/main/run_main_module.js:17:11","level":"error","timestamp":"2020-08-18T09:28:41.101Z"}
{"message":"Transport already attached: console, assign a different name","stack":"Error: Transport already attached: console, assign a different name\n    at exports.Logger.Logger.add (C:\\Users\\YASH'\\Desktop\\Vidly\\node_modules\\winston\\lib\\winston\\logger.js:487:11)\n    at Object.winston.<computed> [as add] (C:\\Users\\YASH'\\Desktop\\Vidly\\node_modules\\winston\\lib\\winston.js:86:34)\n    at module.exports (C:\\Users\\YASH'\\Desktop\\Vidly\\startup\\logging.js:22:9)\n    at Object.<anonymous> (C:\\Users\\YASH'\\Desktop\\Vidly\\app.js:8:29)\n    at Module._compile (internal/modules/cjs/loader.js:959:30)\n    at Object.Module._extensions..js (internal/modules/cjs/loader.js:995:10)\n    at Module.load (internal/modules/cjs/loader.js:815:32)\n    at Function.Module._load (internal/modules/cjs/loader.js:727:14)\n    at Function.Module.runMain (internal/modules/cjs/loader.js:1047:10)\n    at internal/main/run_main_module.js:17:11","level":"error","timestamp":"2020-08-18T09:28:43.465Z"}
{"message":"Transport already attached: console, assign a different name","stack":"Error: Transport already attached: console, assign a different name\n    at exports.Logger.Logger.add (C:\\Users\\YASH'\\Desktop\\Vidly\\node_modules\\winston\\lib\\winston\\logger.js:487:11)\n    at Object.winston.<computed> [as add] (C:\\Users\\YASH'\\Desktop\\Vidly\\node_modules\\winston\\lib\\winston.js:86:34)\n    at module.exports (C:\\Users\\YASH'\\Desktop\\Vidly\\startup\\logging.js:22:9)\n    at Object.<anonymous> (C:\\Users\\YASH'\\Desktop\\Vidly\\app.js:8:29)\n    at Module._compile (internal/modules/cjs/loader.js:959:30)\n    at Object.Module._extensions..js (internal/modules/cjs/loader.js:995:10)\n    at Module.load (internal/modules/cjs/loader.js:815:32)\n    at Function.Module._load (internal/modules/cjs/loader.js:727:14)\n    at Function.Module.runMain (internal/modules/cjs/loader.js:1047:10)\n    at internal/main/run_main_module.js:17:11","level":"error","timestamp":"2020-08-18T09:28:47.537Z"}
{"message":"Transport already attached: console, assign a different name","stack":"Error: Transport already attached: console, assign a different name\n    at exports.Logger.Logger.add (C:\\Users\\YASH'\\Desktop\\Vidly\\node_modules\\winston\\lib\\winston\\logger.js:487:11)\n    at Object.winston.<computed> [as add] (C:\\Users\\YASH'\\Desktop\\Vidly\\node_modules\\winston\\lib\\winston.js:86:34)\n    at module.exports (C:\\Users\\YASH'\\Desktop\\Vidly\\startup\\logging.js:22:9)\n    at Object.<anonymous> (C:\\Users\\YASH'\\Desktop\\Vidly\\app.js:8:29)\n    at Module._compile (internal/modules/cjs/loader.js:959:30)\n    at Object.Module._extensions..js (internal/modules/cjs/loader.js:995:10)\n    at Module.load (internal/modules/cjs/loader.js:815:32)\n    at Function.Module._load (internal/modules/cjs/loader.js:727:14)\n    at Function.Module.runMain (internal/modules/cjs/loader.js:1047:10)\n    at internal/main/run_main_module.js:17:11","level":"error","timestamp":"2020-08-18T09:28:52.090Z"}
{"message":"color is not defined","stack":"ReferenceError: color is not defined\n    at module.exports (C:\\Users\\YASH'\\Desktop\\Vidly\\startup\\logging.js:22:44)\n    at Object.<anonymous> (C:\\Users\\YASH'\\Desktop\\Vidly\\app.js:8:29)\n    at Module._compile (internal/modules/cjs/loader.js:959:30)\n    at Object.Module._extensions..js (internal/modules/cjs/loader.js:995:10)\n    at Module.load (internal/modules/cjs/loader.js:815:32)\n    at Function.Module._load (internal/modules/cjs/loader.js:727:14)\n    at Function.Module.runMain (internal/modules/cjs/loader.js:1047:10)\n    at internal/main/run_main_module.js:17:11","level":"error","timestamp":"2020-08-18T09:28:54.717Z"}
{"message":"color is not defined","stack":"ReferenceError: color is not defined\n    at module.exports (C:\\Users\\YASH'\\Desktop\\Vidly\\startup\\logging.js:22:48)\n    at Object.<anonymous> (C:\\Users\\YASH'\\Desktop\\Vidly\\app.js:8:29)\n    at Module._compile (internal/modules/cjs/loader.js:959:30)\n    at Object.Module._extensions..js (internal/modules/cjs/loader.js:995:10)\n    at Module.load (internal/modules/cjs/loader.js:815:32)\n    at Function.Module._load (internal/modules/cjs/loader.js:727:14)\n    at Function.Module.runMain (internal/modules/cjs/loader.js:1047:10)\n    at internal/main/run_main_module.js:17:11","level":"error","timestamp":"2020-08-18T09:29:01.661Z"}
{"level":"info","message":"Morgan is running...","timestamp":"2020-08-18T09:29:19.341Z"}
{"level":"info","message":"Node Server is Running on PORT: 4200...","timestamp":"2020-08-18T09:29:19.369Z"}
{"level":"info","message":"Connected to MongoDB...","timestamp":"2020-08-18T09:29:19.420Z"}
{"level":"info","message":"Morgan is running...","timestamp":"2020-08-18T09:29:23.656Z"}
{"level":"info","message":"Node Server is Running on PORT: 4200...","timestamp":"2020-08-18T09:29:23.669Z"}
{"level":"info","message":"Connected to MongoDB...","timestamp":"2020-08-18T09:29:23.708Z"}
{"level":"info","message":"Morgan is running...","timestamp":"2020-08-18T09:29:58.430Z"}
{"level":"info","message":"Node Server is Running on PORT: 4200...","timestamp":"2020-08-18T09:29:58.443Z"}
{"level":"info","message":"Connected to MongoDB...","timestamp":"2020-08-18T09:29:58.520Z"}
{"level":"info","message":"Morgan is running...","timestamp":"2020-08-18T09:30:05.778Z"}
{"level":"info","message":"Node Server is Running on PORT: 4200...","timestamp":"2020-08-18T09:30:05.795Z"}
{"level":"info","message":"Connected to MongoDB...","timestamp":"2020-08-18T09:30:05.881Z"}
{"level":"info","message":"Morgan is running...","timestamp":"2020-08-18T09:30:18.327Z"}
{"level":"info","message":"Node Server is Running on PORT: 4200...","timestamp":"2020-08-18T09:30:18.340Z"}
{"level":"info","message":"Connected to MongoDB...","timestamp":"2020-08-18T09:30:18.384Z"}
{"level":"info","message":"Morgan is running...","timestamp":"2020-08-18T09:30:22.100Z"}
{"level":"info","message":"Node Server is Running on PORT: 4200...","timestamp":"2020-08-18T09:30:22.116Z"}
{"level":"info","message":"Connected to MongoDB...","timestamp":"2020-08-18T09:30:22.178Z"}
{"level":"info","message":"Morgan is running...","timestamp":"2020-08-18T09:30:25.690Z"}
{"level":"info","message":"Node Server is Running on PORT: 4200...","timestamp":"2020-08-18T09:30:25.702Z"}
{"level":"info","message":"Connected to MongoDB...","timestamp":"2020-08-18T09:30:25.776Z"}
{"level":"info","message":"Morgan is running...","timestamp":"2020-08-18T09:30:29.430Z"}
{"level":"info","message":"Node Server is Running on PORT: 4200...","timestamp":"2020-08-18T09:30:29.443Z"}
{"level":"info","message":"Connected to MongoDB...","timestamp":"2020-08-18T09:30:29.540Z"}
{"level":"info","message":"Morgan is running...","timestamp":"2020-08-18T09:30:56.149Z"}
{"level":"info","message":"Node Server is Running on PORT: 4200...","timestamp":"2020-08-18T09:30:56.167Z"}
{"level":"info","message":"Connected to MongoDB...","timestamp":"2020-08-18T09:30:56.249Z"}
{"level":"info","message":"Morgan is running...","timestamp":"2020-08-18T09:30:58.547Z"}
{"level":"info","message":"Node Server is Running on PORT: 4200...","timestamp":"2020-08-18T09:30:58.568Z"}
{"level":"info","message":"Connected to MongoDB...","timestamp":"2020-08-18T09:30:58.645Z"}
{"level":"info","message":"Morgan is running...","timestamp":"2020-08-18T09:31:11.880Z"}
{"level":"info","message":"Node Server is Running on PORT: 4200...","timestamp":"2020-08-18T09:31:11.902Z"}
{"level":"info","message":"Connected to MongoDB...","timestamp":"2020-08-18T09:31:11.982Z"}
{"level":"info","message":"Morgan is running...","timestamp":"2020-08-18T09:31:15.445Z"}
{"level":"info","message":"Node Server is Running on PORT: 4200...","timestamp":"2020-08-18T09:31:15.457Z"}
{"level":"info","message":"Connected to MongoDB...","timestamp":"2020-08-18T09:31:15.528Z"}
{"level":"info","message":"Morgan is running...","timestamp":"2020-08-18T09:31:46.616Z"}
{"level":"info","message":"Node Server is Running on PORT: 4200...","timestamp":"2020-08-18T09:31:46.629Z"}
{"level":"info","message":"Connected to MongoDB...","timestamp":"2020-08-18T09:31:46.714Z"}
{"level":"info","message":"Morgan is running...","timestamp":"2020-08-18T09:33:39.449Z"}
{"level":"info","message":"Node Server is Running on PORT: 4200...","timestamp":"2020-08-18T09:33:39.464Z"}
{"level":"info","message":"Connected to MongoDB...","timestamp":"2020-08-18T09:33:39.561Z"}
{"level":"info","message":"Morgan is running...","timestamp":"2020-08-18T09:34:38.751Z"}
{"level":"info","message":"Node Server is Running on PORT: 4200...","timestamp":"2020-08-18T09:34:38.767Z"}
{"level":"info","message":"Connected to MongoDB...","timestamp":"2020-08-18T09:34:38.851Z"}
{"level":"info","message":"Morgan is running...","timestamp":"2020-08-18T09:34:55.392Z"}
{"level":"info","message":"Node Server is Running on PORT: 4200...","timestamp":"2020-08-18T09:34:55.405Z"}
{"level":"info","message":"Connected to MongoDB...","timestamp":"2020-08-18T09:34:55.475Z"}
{"level":"info","message":"Morgan is running...","timestamp":"2020-08-18T09:36:08.485Z"}
{"level":"info","message":"Node Server is Running on PORT: 4200...","timestamp":"2020-08-18T09:36:08.497Z"}
{"level":"info","message":"Connected to MongoDB...","timestamp":"2020-08-18T09:36:08.571Z"}
{"level":"info","message":"Morgan is running...","timestamp":"2020-08-18T09:36:11.878Z"}
{"level":"info","message":"Node Server is Running on PORT: 4200...","timestamp":"2020-08-18T09:36:11.901Z"}
{"level":"info","message":"Connected to MongoDB...","timestamp":"2020-08-18T09:36:11.993Z"}
{"level":"info","message":"Morgan is running...","timestamp":"2020-08-18T09:55:21.164Z"}
{"level":"info","message":"Node Server is Running on PORT: 4200...","timestamp":"2020-08-18T09:55:21.178Z"}
{"level":"info","message":"Connected to MongoDB...","timestamp":"2020-08-18T09:55:21.233Z"}
{"level":"info","message":"Morgan is running...","timestamp":"2020-08-19T08:44:37.430Z"}
{"level":"info","message":"Node Server is Running on PORT: 4200...","timestamp":"2020-08-19T08:44:37.442Z"}
{"level":"info","message":"Connected to MongoDB...","timestamp":"2020-08-19T08:44:37.507Z"}
